2022-10-18 19:08:17.279  INFO 14688 --- [restartedMain] c.m.t.TechCareerAirtiesApplication       : Starting TechCareerAirtiesApplication using Java 19 on DESKTOP-1954 with PID 14688 (C:\Users\ASUS\IdeaProjects\TechCareerAirties\target\classes started by ASUS in C:\Users\ASUS\IdeaProjects\TechCareerAirties)
2022-10-18 19:08:17.282  INFO 14688 --- [restartedMain] c.m.t.TechCareerAirtiesApplication       : No active profile set, falling back to 1 default profile: "default"
2022-10-18 19:08:17.421  INFO 14688 --- [restartedMain] .e.DevToolsPropertyDefaultsPostProcessor : Devtools property defaults active! Set 'spring.devtools.add-properties' to 'false' to disable
2022-10-18 19:08:17.422  INFO 14688 --- [restartedMain] .e.DevToolsPropertyDefaultsPostProcessor : For additional web related logging consider setting the 'logging.level.web' property to 'DEBUG'
2022-10-18 19:08:19.206  INFO 14688 --- [restartedMain] .s.d.r.c.RepositoryConfigurationDelegate : Bootstrapping Spring Data JPA repositories in DEFAULT mode.
2022-10-18 19:08:19.238  INFO 14688 --- [restartedMain] .s.d.r.c.RepositoryConfigurationDelegate : Finished Spring Data repository scanning in 14 ms. Found 0 JPA repository interfaces.
2022-10-18 19:08:20.537  INFO 14688 --- [restartedMain] o.s.b.w.embedded.tomcat.TomcatWebServer  : Tomcat initialized with port(s): 8080 (http)
2022-10-18 19:08:20.555  INFO 14688 --- [restartedMain] o.apache.catalina.core.StandardService   : Starting service [Tomcat]
2022-10-18 19:08:20.556  INFO 14688 --- [restartedMain] org.apache.catalina.core.StandardEngine  : Starting Servlet engine: [Apache Tomcat/9.0.65]
2022-10-18 19:08:20.888  INFO 14688 --- [restartedMain] o.a.c.c.C.[Tomcat].[localhost].[/]       : Initializing Spring embedded WebApplicationContext
2022-10-18 19:08:20.889  INFO 14688 --- [restartedMain] w.s.c.ServletWebServerApplicationContext : Root WebApplicationContext: initialization completed in 3464 ms
2022-10-18 19:08:20.944  INFO 14688 --- [restartedMain] com.zaxxer.hikari.HikariDataSource       : HikariPool-1 - Starting...
2022-10-18 19:08:22.289  INFO 14688 --- [restartedMain] com.zaxxer.hikari.HikariDataSource       : HikariPool-1 - Start completed.
2022-10-18 19:08:22.363  INFO 14688 --- [restartedMain] o.s.b.a.h2.H2ConsoleAutoConfiguration    : H2 console available at '/h2-console'. Database available at 'jdbc:h2:file:./memory_persist/employee_database'
2022-10-18 19:08:23.249  INFO 14688 --- [restartedMain] o.hibernate.jpa.internal.util.LogHelper  : HHH000204: Processing PersistenceUnitInfo [name: default]
2022-10-18 19:08:23.528  INFO 14688 --- [restartedMain] org.hibernate.Version                    : HHH000412: Hibernate ORM core version 5.6.11.Final
2022-10-18 19:08:24.111  INFO 14688 --- [restartedMain] o.hibernate.annotations.common.Version   : HCANN000001: Hibernate Commons Annotations {5.1.2.Final}
2022-10-18 19:08:24.357  INFO 14688 --- [restartedMain] org.hibernate.dialect.Dialect            : HHH000400: Using dialect: org.hibernate.dialect.H2Dialect
2022-10-18 19:08:24.733  INFO 14688 --- [restartedMain] o.h.e.t.j.p.i.JtaPlatformInitiator       : HHH000490: Using JtaPlatform implementation: [org.hibernate.engine.transaction.jta.platform.internal.NoJtaPlatform]
2022-10-18 19:08:24.746  INFO 14688 --- [restartedMain] j.LocalContainerEntityManagerFactoryBean : Initialized JPA EntityManagerFactory for persistence unit 'default'
2022-10-18 19:08:24.812  WARN 14688 --- [restartedMain] ConfigServletWebServerApplicationContext : Exception encountered during context initialization - cancelling refresh attempt: org.springframework.beans.factory.BeanCreationException: Error creating bean with name 'jpaAuditingHandler': Cannot create inner bean '(inner bean)#7b35c5e4' of type [org.springframework.aop.framework.ProxyFactoryBean] while setting bean property 'auditorAware'; nested exception is org.springframework.beans.factory.BeanCreationException: Error creating bean with name '(inner bean)#7b35c5e4': Initialization of bean failed; nested exception is org.springframework.beans.factory.NoSuchBeanDefinitionException: No bean named 'auditorAwareMethod' available
2022-10-18 19:08:24.813  INFO 14688 --- [restartedMain] j.LocalContainerEntityManagerFactoryBean : Closing JPA EntityManagerFactory for persistence unit 'default'
2022-10-18 19:08:24.816  INFO 14688 --- [restartedMain] com.zaxxer.hikari.HikariDataSource       : HikariPool-1 - Shutdown initiated...
2022-10-18 19:08:24.827  INFO 14688 --- [restartedMain] com.zaxxer.hikari.HikariDataSource       : HikariPool-1 - Shutdown completed.
2022-10-18 19:08:24.829  INFO 14688 --- [restartedMain] o.apache.catalina.core.StandardService   : Stopping service [Tomcat]
2022-10-18 19:08:24.843  INFO 14688 --- [restartedMain] ConditionEvaluationReportLoggingListener : 

Error starting ApplicationContext. To display the conditions report re-run your application with 'debug' enabled.
2022-10-18 19:08:24.866 ERROR 14688 --- [restartedMain] o.s.b.d.LoggingFailureAnalysisReporter   : 

***************************
APPLICATION FAILED TO START
***************************

Description:

A component required a bean named 'auditorAwareMethod' that could not be found.


Action:

Consider defining a bean named 'auditorAwareMethod' in your configuration.

2022-10-18 19:11:09.146  INFO 6936 --- [restartedMain] c.m.t.TechCareerAirtiesApplication       : Starting TechCareerAirtiesApplication using Java 19 on DESKTOP-1954 with PID 6936 (C:\Users\ASUS\IdeaProjects\TechCareerAirties\target\classes started by ASUS in C:\Users\ASUS\IdeaProjects\TechCareerAirties)
2022-10-18 19:11:09.148  INFO 6936 --- [restartedMain] c.m.t.TechCareerAirtiesApplication       : No active profile set, falling back to 1 default profile: "default"
2022-10-18 19:11:09.243  INFO 6936 --- [restartedMain] .e.DevToolsPropertyDefaultsPostProcessor : Devtools property defaults active! Set 'spring.devtools.add-properties' to 'false' to disable
2022-10-18 19:11:09.245  INFO 6936 --- [restartedMain] .e.DevToolsPropertyDefaultsPostProcessor : For additional web related logging consider setting the 'logging.level.web' property to 'DEBUG'
2022-10-18 19:11:10.472  INFO 6936 --- [restartedMain] .s.d.r.c.RepositoryConfigurationDelegate : Bootstrapping Spring Data JPA repositories in DEFAULT mode.
2022-10-18 19:11:10.497  INFO 6936 --- [restartedMain] .s.d.r.c.RepositoryConfigurationDelegate : Finished Spring Data repository scanning in 13 ms. Found 0 JPA repository interfaces.
2022-10-18 19:11:11.281  INFO 6936 --- [restartedMain] o.s.b.w.embedded.tomcat.TomcatWebServer  : Tomcat initialized with port(s): 8080 (http)
2022-10-18 19:11:11.293  INFO 6936 --- [restartedMain] o.apache.catalina.core.StandardService   : Starting service [Tomcat]
2022-10-18 19:11:11.294  INFO 6936 --- [restartedMain] org.apache.catalina.core.StandardEngine  : Starting Servlet engine: [Apache Tomcat/9.0.65]
2022-10-18 19:11:11.423  INFO 6936 --- [restartedMain] o.a.c.c.C.[Tomcat].[localhost].[/]       : Initializing Spring embedded WebApplicationContext
2022-10-18 19:11:11.423  INFO 6936 --- [restartedMain] w.s.c.ServletWebServerApplicationContext : Root WebApplicationContext: initialization completed in 2176 ms
2022-10-18 19:11:11.459  INFO 6936 --- [restartedMain] com.zaxxer.hikari.HikariDataSource       : HikariPool-1 - Starting...
2022-10-18 19:11:11.748  INFO 6936 --- [restartedMain] com.zaxxer.hikari.HikariDataSource       : HikariPool-1 - Start completed.
2022-10-18 19:11:11.769  INFO 6936 --- [restartedMain] o.s.b.a.h2.H2ConsoleAutoConfiguration    : H2 console available at '/h2-console'. Database available at 'jdbc:h2:file:./memory_persist/employee_database'
2022-10-18 19:11:11.905  INFO 6936 --- [restartedMain] o.hibernate.jpa.internal.util.LogHelper  : HHH000204: Processing PersistenceUnitInfo [name: default]
2022-10-18 19:11:11.973  INFO 6936 --- [restartedMain] org.hibernate.Version                    : HHH000412: Hibernate ORM core version 5.6.11.Final
2022-10-18 19:11:12.163  INFO 6936 --- [restartedMain] o.hibernate.annotations.common.Version   : HCANN000001: Hibernate Commons Annotations {5.1.2.Final}
2022-10-18 19:11:12.300  INFO 6936 --- [restartedMain] org.hibernate.dialect.Dialect            : HHH000400: Using dialect: org.hibernate.dialect.H2Dialect
2022-10-18 19:11:12.583  INFO 6936 --- [restartedMain] o.h.e.t.j.p.i.JtaPlatformInitiator       : HHH000490: Using JtaPlatform implementation: [org.hibernate.engine.transaction.jta.platform.internal.NoJtaPlatform]
2022-10-18 19:11:12.594  INFO 6936 --- [restartedMain] j.LocalContainerEntityManagerFactoryBean : Initialized JPA EntityManagerFactory for persistence unit 'default'
2022-10-18 19:11:12.660  WARN 6936 --- [restartedMain] ConfigServletWebServerApplicationContext : Exception encountered during context initialization - cancelling refresh attempt: org.springframework.beans.factory.BeanCreationException: Error creating bean with name 'jpaAuditingHandler': Cannot create inner bean '(inner bean)#3c8eb5fa' of type [org.springframework.aop.framework.ProxyFactoryBean] while setting bean property 'auditorAware'; nested exception is org.springframework.beans.factory.BeanCreationException: Error creating bean with name '(inner bean)#3c8eb5fa': Initialization of bean failed; nested exception is org.springframework.beans.factory.NoSuchBeanDefinitionException: No bean named 'auditorAwareMethod' available
2022-10-18 19:11:12.660  INFO 6936 --- [restartedMain] j.LocalContainerEntityManagerFactoryBean : Closing JPA EntityManagerFactory for persistence unit 'default'
2022-10-18 19:11:12.662  INFO 6936 --- [restartedMain] com.zaxxer.hikari.HikariDataSource       : HikariPool-1 - Shutdown initiated...
2022-10-18 19:11:12.673  INFO 6936 --- [restartedMain] com.zaxxer.hikari.HikariDataSource       : HikariPool-1 - Shutdown completed.
2022-10-18 19:11:12.675  INFO 6936 --- [restartedMain] o.apache.catalina.core.StandardService   : Stopping service [Tomcat]
2022-10-18 19:11:12.689  INFO 6936 --- [restartedMain] ConditionEvaluationReportLoggingListener : 

Error starting ApplicationContext. To display the conditions report re-run your application with 'debug' enabled.
2022-10-18 19:11:12.712 ERROR 6936 --- [restartedMain] o.s.b.d.LoggingFailureAnalysisReporter   : 

***************************
APPLICATION FAILED TO START
***************************

Description:

A component required a bean named 'auditorAwareMethod' that could not be found.


Action:

Consider defining a bean named 'auditorAwareMethod' in your configuration.

2022-10-20 11:59:38.906  INFO 22957 --- [restartedMain] c.m.t.TechCareerAirtiesApplication       : Starting TechCareerAirtiesApplication using Java 19 on Mucahits-MBP.home with PID 22957 (/Users/mucahitbayrak/IdeaProjects/airties-mujo93/target/classes started by mucahitbayrak in /Users/mucahitbayrak/IdeaProjects/airties-mujo93)
2022-10-20 11:59:38.908  INFO 22957 --- [restartedMain] c.m.t.TechCareerAirtiesApplication       : No active profile set, falling back to 1 default profile: "default"
2022-10-20 11:59:39.019  INFO 22957 --- [restartedMain] .e.DevToolsPropertyDefaultsPostProcessor : Devtools property defaults active! Set 'spring.devtools.add-properties' to 'false' to disable
2022-10-20 11:59:39.019  INFO 22957 --- [restartedMain] .e.DevToolsPropertyDefaultsPostProcessor : For additional web related logging consider setting the 'logging.level.web' property to 'DEBUG'
2022-10-20 11:59:40.274  INFO 22957 --- [restartedMain] .s.d.r.c.RepositoryConfigurationDelegate : Bootstrapping Spring Data JPA repositories in DEFAULT mode.
2022-10-20 11:59:40.298  INFO 22957 --- [restartedMain] .s.d.r.c.RepositoryConfigurationDelegate : Finished Spring Data repository scanning in 12 ms. Found 0 JPA repository interfaces.
2022-10-20 11:59:41.021  INFO 22957 --- [restartedMain] o.s.b.w.embedded.tomcat.TomcatWebServer  : Tomcat initialized with port(s): 8080 (http)
2022-10-20 11:59:41.035  INFO 22957 --- [restartedMain] o.apache.catalina.core.StandardService   : Starting service [Tomcat]
2022-10-20 11:59:41.035  INFO 22957 --- [restartedMain] org.apache.catalina.core.StandardEngine  : Starting Servlet engine: [Apache Tomcat/9.0.65]
2022-10-20 11:59:41.122  INFO 22957 --- [restartedMain] o.a.c.c.C.[Tomcat].[localhost].[/]       : Initializing Spring embedded WebApplicationContext
2022-10-20 11:59:41.123  INFO 22957 --- [restartedMain] w.s.c.ServletWebServerApplicationContext : Root WebApplicationContext: initialization completed in 2103 ms
2022-10-20 11:59:41.154  INFO 22957 --- [restartedMain] com.zaxxer.hikari.HikariDataSource       : HikariPool-1 - Starting...
2022-10-20 11:59:41.716  INFO 22957 --- [restartedMain] com.zaxxer.hikari.HikariDataSource       : HikariPool-1 - Start completed.
2022-10-20 11:59:41.738  INFO 22957 --- [restartedMain] o.s.b.a.h2.H2ConsoleAutoConfiguration    : H2 console available at '/h2-console'. Database available at 'jdbc:h2:file:./memory_persist/employee_database'
2022-10-20 11:59:41.972  INFO 22957 --- [restartedMain] o.hibernate.jpa.internal.util.LogHelper  : HHH000204: Processing PersistenceUnitInfo [name: default]
2022-10-20 11:59:42.049  INFO 22957 --- [restartedMain] org.hibernate.Version                    : HHH000412: Hibernate ORM core version 5.6.11.Final
2022-10-20 11:59:42.273  INFO 22957 --- [restartedMain] o.hibernate.annotations.common.Version   : HCANN000001: Hibernate Commons Annotations {5.1.2.Final}
2022-10-20 11:59:42.447  INFO 22957 --- [restartedMain] org.hibernate.dialect.Dialect            : HHH000400: Using dialect: org.hibernate.dialect.H2Dialect
2022-10-20 11:59:42.753  INFO 22957 --- [restartedMain] o.h.e.t.j.p.i.JtaPlatformInitiator       : HHH000490: Using JtaPlatform implementation: [org.hibernate.engine.transaction.jta.platform.internal.NoJtaPlatform]
2022-10-20 11:59:42.766  INFO 22957 --- [restartedMain] j.LocalContainerEntityManagerFactoryBean : Initialized JPA EntityManagerFactory for persistence unit 'default'
2022-10-20 11:59:42.837  WARN 22957 --- [restartedMain] ConfigServletWebServerApplicationContext : Exception encountered during context initialization - cancelling refresh attempt: org.springframework.beans.factory.BeanCreationException: Error creating bean with name 'jpaAuditingHandler': Cannot create inner bean '(inner bean)#344fc05d' of type [org.springframework.aop.framework.ProxyFactoryBean] while setting bean property 'auditorAware'; nested exception is org.springframework.beans.factory.BeanCreationException: Error creating bean with name '(inner bean)#344fc05d': Initialization of bean failed; nested exception is org.springframework.beans.factory.NoSuchBeanDefinitionException: No bean named 'auditorAwareMethod' available
2022-10-20 11:59:42.837  INFO 22957 --- [restartedMain] j.LocalContainerEntityManagerFactoryBean : Closing JPA EntityManagerFactory for persistence unit 'default'
2022-10-20 11:59:42.840  INFO 22957 --- [restartedMain] com.zaxxer.hikari.HikariDataSource       : HikariPool-1 - Shutdown initiated...
2022-10-20 11:59:42.866  INFO 22957 --- [restartedMain] com.zaxxer.hikari.HikariDataSource       : HikariPool-1 - Shutdown completed.
